This is pdfTeX, Version 3.141592653-2.6-1.40.24 (MiKTeX 22.1) (preloaded format=pdflatex 2024.9.3)  16 NOV 2024 09:51
entering extended mode
 restricted \write18 enabled.
 file:line:error style messages enabled.
 %&-line parsing enabled.
**"/Users/khalidhasantuhin/Library/CloudStorage/OneDrive-BUET/2-2/Computer Architecture/Assignments/fpa/Report/report.tex"
(/Users/khalidhasantuhin/Library/CloudStorage/OneDrive-BUET/2-2/Computer Architecture/Assignments/fpa/Report/report.tex
LaTeX2e <2024-06-01> patch level 2
L3 programming layer <2024-08-16>
(/Users/khalidhasantuhin/Library/Application Support/MiKTeX/texmfs/install/tex/latex/base/article.cls
Document Class: article 2024/02/08 v1.4n Standard LaTeX document class
(/Users/khalidhasantuhin/Library/Application Support/MiKTeX/texmfs/install/tex/latex/base/size10.clo
File: size10.clo 2024/02/08 v1.4n Standard LaTeX file (size option)
)
\c@part=\count194
\c@section=\count195
\c@subsection=\count196
\c@subsubsection=\count197
\c@paragraph=\count198
\c@subparagraph=\count199
\c@figure=\count266
\c@table=\count267
\abovecaptionskip=\skip49
\belowcaptionskip=\skip50
\bibindent=\dimen141
) (/Users/khalidhasantuhin/Library/Application Support/MiKTeX/texmfs/install/tex/latex/graphics/graphicx.sty
Package: graphicx 2021/09/16 v1.2d Enhanced LaTeX Graphics (DPC,SPQR)
 (/Users/khalidhasantuhin/Library/Application Support/MiKTeX/texmfs/install/tex/latex/graphics/keyval.sty
Package: keyval 2022/05/29 v1.15 key=value parser (DPC)
\KV@toks@=\toks17
) (/Users/khalidhasantuhin/Library/Application Support/MiKTeX/texmfs/install/tex/latex/graphics/graphics.sty
Package: graphics 2024/05/23 v1.4g Standard LaTeX Graphics (DPC,SPQR)
 (/Users/khalidhasantuhin/Library/Application Support/MiKTeX/texmfs/install/tex/latex/graphics/trig.sty
Package: trig 2023/12/02 v1.11 sin cos tan (DPC)
) (/Users/khalidhasantuhin/Library/Application Support/MiKTeX/texmfs/install/tex/latex/graphics-cfg/graphics.cfg
File: graphics.cfg 2016/06/04 v1.11 sample graphics configuration
)
Package graphics Info: Driver file: pdftex.def on input line 106.
 (/Users/khalidhasantuhin/Library/Application Support/MiKTeX/texmfs/install/tex/latex/graphics-def/pdftex.def
File: pdftex.def 2024/04/13 v1.2c Graphics/color driver for pdftex
))
\Gin@req@height=\dimen142
\Gin@req@width=\dimen143
) (/Users/khalidhasantuhin/Library/Application Support/MiKTeX/texmfs/install/tex/latex/wrapfig/wrapfig.sty
\wrapoverhang=\dimen144
\WF@size=\dimen145
\c@WF@wrappedlines=\count268
\WF@box=\box52
\WF@everypar=\toks18
Package: wrapfig 2003/01/31  v 3.6
) (/Users/khalidhasantuhin/Library/Application Support/MiKTeX/texmfs/install/tex/latex/algorithmicx/algorithmicx.sty
Package: algorithmicx 2005/04/27 v1.2 Algorithmicx
 (/Users/khalidhasantuhin/Library/Application Support/MiKTeX/texmfs/install/tex/latex/base/ifthen.sty
Package: ifthen 2024/03/16 v1.1e Standard LaTeX ifthen package (DPC)
)
Document Style algorithmicx 1.2 - a greatly improved `algorithmic' style
\c@ALG@line=\count269
\c@ALG@rem=\count270
\c@ALG@nested=\count271
\ALG@tlm=\skip51
\ALG@thistlm=\skip52
\c@ALG@Lnr=\count272
\c@ALG@blocknr=\count273
\c@ALG@storecount=\count274
\c@ALG@tmpcounter=\count275
\ALG@tmplength=\skip53
) (/Users/khalidhasantuhin/Library/Application Support/MiKTeX/texmfs/install/tex/latex/algorithmicx/algpseudocode.sty
Package: algpseudocode 

Document Style - pseudocode environments for use with the `algorithmicx' style
) (/Users/khalidhasantuhin/Library/Application Support/MiKTeX/texmfs/install/tex/latex/tools/multicol.sty
Package: multicol 2024/05/23 v1.9h multicolumn formatting (FMi)
\c@tracingmulticols=\count276
\mult@box=\box53
\multicol@leftmargin=\dimen146
\c@unbalance=\count277
\c@collectmore=\count278
\doublecol@number=\count279
\multicoltolerance=\count280
\multicolpretolerance=\count281
\full@width=\dimen147
\page@free=\dimen148
\premulticols=\dimen149
\postmulticols=\dimen150
\multicolsep=\skip54
\multicolbaselineskip=\skip55
\partial@page=\box54
\last@line=\box55
\mc@boxedresult=\box56
\maxbalancingoverflow=\dimen151
\mult@rightbox=\box57
\mult@grightbox=\box58
\mult@firstbox=\box59
\mult@gfirstbox=\box60
\@tempa=\box61
\@tempa=\box62
\@tempa=\box63
\@tempa=\box64
\@tempa=\box65
\@tempa=\box66
\@tempa=\box67
\@tempa=\box68
\@tempa=\box69
\@tempa=\box70
\@tempa=\box71
\@tempa=\box72
\@tempa=\box73
\@tempa=\box74
\@tempa=\box75
\@tempa=\box76
\@tempa=\box77
\@tempa=\box78
\@tempa=\box79
\@tempa=\box80
\@tempa=\box81
\@tempa=\box82
\@tempa=\box83
\@tempa=\box84
\@tempa=\box85
\@tempa=\box86
\@tempa=\box87
\@tempa=\box88
\@tempa=\box89
\@tempa=\box90
\@tempa=\box91
\@tempa=\box92
\@tempa=\box93
\@tempa=\box94
\@tempa=\box95
\@tempa=\box96
\c@minrows=\count282
\c@columnbadness=\count283
\c@finalcolumnbadness=\count284
\last@try=\dimen152
\multicolovershoot=\dimen153
\multicolundershoot=\dimen154
\mult@nat@firstbox=\box97
\colbreak@box=\box98
\mc@col@check@num=\count285
) (/Users/khalidhasantuhin/Library/Application Support/MiKTeX/texmfs/install/tex/latex/multirow/multirow.sty
Package: multirow 2021/03/15 v2.8 Span multiple rows of a table
\multirow@colwidth=\skip56
\multirow@cntb=\count286
\multirow@dima=\skip57
\bigstrutjot=\dimen155
) (/Users/khalidhasantuhin/Library/Application Support/MiKTeX/texmfs/install/tex/latex/amsmath/amsmath.sty
Package: amsmath 2024/05/23 v2.17q AMS math features
\@mathmargin=\skip58

For additional information on amsmath, use the `?' option.
(/Users/khalidhasantuhin/Library/Application Support/MiKTeX/texmfs/install/tex/latex/amsmath/amstext.sty
Package: amstext 2021/08/26 v2.01 AMS text
 (/Users/khalidhasantuhin/Library/Application Support/MiKTeX/texmfs/install/tex/latex/amsmath/amsgen.sty
File: amsgen.sty 1999/11/30 v2.0 generic functions
\@emptytoks=\toks19
\ex@=\dimen156
)) (/Users/khalidhasantuhin/Library/Application Support/MiKTeX/texmfs/install/tex/latex/amsmath/amsbsy.sty
Package: amsbsy 1999/11/29 v1.2d Bold Symbols
\pmbraise@=\dimen157
) (/Users/khalidhasantuhin/Library/Application Support/MiKTeX/texmfs/install/tex/latex/amsmath/amsopn.sty
Package: amsopn 2022/04/08 v2.04 operator names
)
\inf@bad=\count287
LaTeX Info: Redefining \frac on input line 233.
\uproot@=\count288
\leftroot@=\count289
LaTeX Info: Redefining \overline on input line 398.
LaTeX Info: Redefining \colon on input line 409.
\classnum@=\count290
\DOTSCASE@=\count291
LaTeX Info: Redefining \ldots on input line 495.
LaTeX Info: Redefining \dots on input line 498.
LaTeX Info: Redefining \cdots on input line 619.
\Mathstrutbox@=\box99
\strutbox@=\box100
LaTeX Info: Redefining \big on input line 721.
LaTeX Info: Redefining \Big on input line 722.
LaTeX Info: Redefining \bigg on input line 723.
LaTeX Info: Redefining \Bigg on input line 724.
\big@size=\dimen158
LaTeX Font Info:    Redeclaring font encoding OML on input line 742.
LaTeX Font Info:    Redeclaring font encoding OMS on input line 743.
\macc@depth=\count292
LaTeX Info: Redefining \bmod on input line 904.
LaTeX Info: Redefining \pmod on input line 909.
LaTeX Info: Redefining \smash on input line 939.
LaTeX Info: Redefining \relbar on input line 969.
LaTeX Info: Redefining \Relbar on input line 970.
\c@MaxMatrixCols=\count293
\dotsspace@=\muskip17
\c@parentequation=\count294
\dspbrk@lvl=\count295
\tag@help=\toks20
\row@=\count296
\column@=\count297
\maxfields@=\count298
\andhelp@=\toks21
\eqnshift@=\dimen159
\alignsep@=\dimen160
\tagshift@=\dimen161
\tagwidth@=\dimen162
\totwidth@=\dimen163
\lineht@=\dimen164
\@envbody=\toks22
\multlinegap=\skip59
\multlinetaggap=\skip60
\mathdisplay@stack=\toks23
LaTeX Info: Redefining \[ on input line 2953.
LaTeX Info: Redefining \] on input line 2954.
) (/Users/khalidhasantuhin/Library/Application Support/MiKTeX/texmfs/install/tex/latex/amsfonts/amssymb.sty
Package: amssymb 2013/01/14 v3.01 AMS font symbols
 (/Users/khalidhasantuhin/Library/Application Support/MiKTeX/texmfs/install/tex/latex/amsfonts/amsfonts.sty
Package: amsfonts 2013/01/14 v3.01 Basic AMSFonts support
\symAMSa=\mathgroup4
\symAMSb=\mathgroup5
LaTeX Font Info:    Redeclaring math symbol \hbar on input line 98.
LaTeX Font Info:    Overwriting math alphabet `\mathfrak' in version `bold'
(Font)                  U/euf/m/n --> U/euf/b/n on input line 106.
)) (/Users/khalidhasantuhin/Library/Application Support/MiKTeX/texmfs/install/tex/latex/hyperref/hyperref.sty
Package: hyperref 2024-07-10 v7.01j Hypertext links for LaTeX
 (/Users/khalidhasantuhin/Library/Application Support/MiKTeX/texmfs/install/tex/generic/iftex/iftex.sty
Package: iftex 2022/02/03 v1.0f TeX engine tests
) (/Users/khalidhasantuhin/Library/Application Support/MiKTeX/texmfs/install/tex/latex/kvsetkeys/kvsetkeys.sty
Package: kvsetkeys 2022-10-05 v1.19 Key value parser (HO)
) (/Users/khalidhasantuhin/Library/Application Support/MiKTeX/texmfs/install/tex/generic/kvdefinekeys/kvdefinekeys.sty
Package: kvdefinekeys 2019-12-19 v1.6 Define keys (HO)
) (/Users/khalidhasantuhin/Library/Application Support/MiKTeX/texmfs/install/tex/generic/pdfescape/pdfescape.sty
Package: pdfescape 2019/12/09 v1.15 Implements pdfTeX's escape features (HO)
 (/Users/khalidhasantuhin/Library/Application Support/MiKTeX/texmfs/install/tex/generic/ltxcmds/ltxcmds.sty
Package: ltxcmds 2023-12-04 v1.26 LaTeX kernel commands for general use (HO)
) (/Users/khalidhasantuhin/Library/Application Support/MiKTeX/texmfs/install/tex/generic/pdftexcmds/pdftexcmds.sty
Package: pdftexcmds 2020-06-27 v0.33 Utility functions of pdfTeX for LuaTeX (HO)
 (/Users/khalidhasantuhin/Library/Application Support/MiKTeX/texmfs/install/tex/generic/infwarerr/infwarerr.sty
Package: infwarerr 2019/12/03 v1.5 Providing info/warning/error messages (HO)
)
Package pdftexcmds Info: \pdf@primitive is available.
Package pdftexcmds Info: \pdf@ifprimitive is available.
Package pdftexcmds Info: \pdfdraftmode found.
)) (/Users/khalidhasantuhin/Library/Application Support/MiKTeX/texmfs/install/tex/latex/hycolor/hycolor.sty
Package: hycolor 2020-01-27 v1.10 Color options for hyperref/bookmark (HO)
) (/Users/khalidhasantuhin/Library/Application Support/MiKTeX/texmfs/install/tex/latex/hyperref/nameref.sty
Package: nameref 2023-11-26 v2.56 Cross-referencing by name of section
 (/Users/khalidhasantuhin/Library/Application Support/MiKTeX/texmfs/install/tex/latex/refcount/refcount.sty
Package: refcount 2019/12/15 v3.6 Data extraction from label references (HO)
) (/Users/khalidhasantuhin/Library/Application Support/MiKTeX/texmfs/install/tex/generic/gettitlestring/gettitlestring.sty
Package: gettitlestring 2019/12/15 v1.6 Cleanup title references (HO)
 (/Users/khalidhasantuhin/Library/Application Support/MiKTeX/texmfs/install/tex/latex/kvoptions/kvoptions.sty
Package: kvoptions 2022-06-15 v3.15 Key value format for package options (HO)
))
\c@section@level=\count299
) (/Users/khalidhasantuhin/Library/Application Support/MiKTeX/texmfs/install/tex/latex/etoolbox/etoolbox.sty
Package: etoolbox 2020/10/05 v2.5k e-TeX tools for LaTeX (JAW)
\etb@tempcnta=\count300
) (/Users/khalidhasantuhin/Library/Application Support/MiKTeX/texmfs/install/tex/generic/stringenc/stringenc.sty
Package: stringenc 2019/11/29 v1.12 Convert strings between diff. encodings (HO)
)
\@linkdim=\dimen165
\Hy@linkcounter=\count301
\Hy@pagecounter=\count302
 (/Users/khalidhasantuhin/Library/Application Support/MiKTeX/texmfs/install/tex/latex/hyperref/pd1enc.def
File: pd1enc.def 2024-07-10 v7.01j Hyperref: PDFDocEncoding definition (HO)
Now handling font encoding PD1 ...
... no UTF-8 mapping file for font encoding PD1
) (/Users/khalidhasantuhin/Library/Application Support/MiKTeX/texmfs/install/tex/generic/intcalc/intcalc.sty
Package: intcalc 2019/12/15 v1.3 Expandable calculations with integers (HO)
)
\Hy@SavedSpaceFactor=\count303
 (/Users/khalidhasantuhin/Library/Application Support/MiKTeX/texmfs/install/tex/latex/hyperref/puenc.def
File: puenc.def 2024-07-10 v7.01j Hyperref: PDF Unicode definition (HO)
Now handling font encoding PU ...
... no UTF-8 mapping file for font encoding PU
)
Package hyperref Info: Hyper figures OFF on input line 4157.
Package hyperref Info: Link nesting OFF on input line 4162.
Package hyperref Info: Hyper index ON on input line 4165.
Package hyperref Info: Plain pages OFF on input line 4172.
Package hyperref Info: Backreferencing OFF on input line 4177.
Package hyperref Info: Implicit mode ON; LaTeX internals redefined.
Package hyperref Info: Bookmarks ON on input line 4424.
\c@Hy@tempcnt=\count304
 (/Users/khalidhasantuhin/Library/Application Support/MiKTeX/texmfs/install/tex/latex/url/url.sty
\Urlmuskip=\muskip18
Package: url 2013/09/16  ver 3.4  Verb mode for urls, etc.
)
LaTeX Info: Redefining \url on input line 4763.
\XeTeXLinkMargin=\dimen166
 (/Users/khalidhasantuhin/Library/Application Support/MiKTeX/texmfs/install/tex/generic/bitset/bitset.sty
Package: bitset 2019/12/09 v1.3 Handle bit-vector datatype (HO)
 (/Users/khalidhasantuhin/Library/Application Support/MiKTeX/texmfs/install/tex/generic/bigintcalc/bigintcalc.sty
Package: bigintcalc 2019/12/15 v1.5 Expandable calculations on big integers (HO)
))
\Fld@menulength=\count305
\Field@Width=\dimen167
\Fld@charsize=\dimen168
Package hyperref Info: Hyper figures OFF on input line 6042.
Package hyperref Info: Link nesting OFF on input line 6047.
Package hyperref Info: Hyper index ON on input line 6050.
Package hyperref Info: backreferencing OFF on input line 6057.
Package hyperref Info: Link coloring OFF on input line 6062.
Package hyperref Info: Link coloring with OCG OFF on input line 6067.
Package hyperref Info: PDF/A mode OFF on input line 6072.
 (/Users/khalidhasantuhin/Library/Application Support/MiKTeX/texmfs/install/tex/latex/base/atbegshi-ltx.sty
Package: atbegshi-ltx 2021/01/10 v1.0c Emulation of the original atbegshi
package with kernel methods
)
\Hy@abspage=\count306
\c@Item=\count307
\c@Hfootnote=\count308
)
Package hyperref Info: Driver (autodetected): hpdftex.
 (/Users/khalidhasantuhin/Library/Application Support/MiKTeX/texmfs/install/tex/latex/hyperref/hpdftex.def
File: hpdftex.def 2024-07-10 v7.01j Hyperref driver for pdfTeX
 (/Users/khalidhasantuhin/Library/Application Support/MiKTeX/texmfs/install/tex/latex/base/atveryend-ltx.sty
Package: atveryend-ltx 2020/08/19 v1.0a Emulation of the original atveryend package
with kernel methods
)
\Fld@listcount=\count309
\c@bookmark@seq@number=\count310
 (/Users/khalidhasantuhin/Library/Application Support/MiKTeX/texmfs/install/tex/latex/rerunfilecheck/rerunfilecheck.sty
Package: rerunfilecheck 2022-07-10 v1.10 Rerun checks for auxiliary files (HO)
 (/Users/khalidhasantuhin/Library/Application Support/MiKTeX/texmfs/install/tex/generic/uniquecounter/uniquecounter.sty
Package: uniquecounter 2019/12/15 v1.4 Provide unlimited unique counter (HO)
)
Package uniquecounter Info: New unique counter `rerunfilecheck' on input line 285.
)
\Hy@SectionHShift=\skip61
) (/Users/khalidhasantuhin/Library/Application Support/MiKTeX/texmfs/install/tex/latex/caption/caption.sty
Package: caption 2023/08/05 v3.6o Customizing captions (AR)
 (/Users/khalidhasantuhin/Library/Application Support/MiKTeX/texmfs/install/tex/latex/caption/caption3.sty
Package: caption3 2023/07/31 v2.4d caption3 kernel (AR)
\caption@tempdima=\dimen169
\captionmargin=\dimen170
\caption@leftmargin=\dimen171
\caption@rightmargin=\dimen172
\caption@width=\dimen173
\caption@indent=\dimen174
\caption@parindent=\dimen175
\caption@hangindent=\dimen176
Package caption Info: Standard document class detected.
)
\c@caption@flags=\count311
\c@continuedfloat=\count312
Package caption Info: hyperref package is loaded.
Package caption Info: wrapfig package is loaded.
) (/Users/khalidhasantuhin/Library/Application Support/MiKTeX/texmfs/install/tex/latex/caption/subcaption.sty
Package: subcaption 2023/07/28 v1.6b Sub-captions (AR)
Package caption Info: New subtype `subfigure' on input line 238.
\c@subfigure=\count313
Package caption Info: New subtype `subtable' on input line 238.
\c@subtable=\count314
) (/Users/khalidhasantuhin/Library/Application Support/MiKTeX/texmfs/install/tex/latex/float/float.sty
Package: float 2001/11/08 v1.3d Float enhancements (AL)
\c@float@type=\count315
\float@exts=\toks24
\float@box=\box101
\@float@everytoks=\toks25
\@floatcapt=\box102
) (/Users/khalidhasantuhin/Library/Application Support/MiKTeX/texmfs/install/tex/latex/tools/array.sty
Package: array 2024/06/14 v2.6d Tabular extension package (FMi)
\col@sep=\dimen177
\ar@mcellbox=\box103
\extrarowheight=\dimen178
\NC@list=\toks26
\extratabsurround=\skip62
\backup@length=\skip63
\ar@cellbox=\box104
) (/Users/khalidhasantuhin/Library/Application Support/MiKTeX/texmfs/install/tex/latex/xcolor/xcolor.sty
Package: xcolor 2023/11/15 v3.01 LaTeX color extensions (UK)
 (/Users/khalidhasantuhin/Library/Application Support/MiKTeX/texmfs/install/tex/latex/graphics-cfg/color.cfg
File: color.cfg 2016/01/02 v1.6 sample color configuration
)
Package xcolor Info: Driver file: pdftex.def on input line 274.
 (/Users/khalidhasantuhin/Library/Application Support/MiKTeX/texmfs/install/tex/latex/graphics/mathcolor.ltx)
Package xcolor Info: Model `cmy' substituted by `cmy0' on input line 1350.
Package xcolor Info: Model `hsb' substituted by `rgb' on input line 1354.
Package xcolor Info: Model `RGB' extended on input line 1366.
Package xcolor Info: Model `HTML' substituted by `rgb' on input line 1368.
Package xcolor Info: Model `Hsb' substituted by `hsb' on input line 1369.
Package xcolor Info: Model `tHsb' substituted by `hsb' on input line 1370.
Package xcolor Info: Model `HSB' substituted by `hsb' on input line 1371.
Package xcolor Info: Model `Gray' substituted by `gray' on input line 1372.
Package xcolor Info: Model `wave' substituted by `hsb' on input line 1373.
) (/Users/khalidhasantuhin/Library/Application Support/MiKTeX/texmfs/install/tex/latex/ulem/ulem.sty
\UL@box=\box105
\UL@hyphenbox=\box106
\UL@skip=\skip64
\UL@hook=\toks27
\UL@height=\dimen179
\UL@pe=\count316
\UL@pixel=\dimen180
\ULC@box=\box107
Package: ulem 2019/11/18
\ULdepth=\dimen181
) (/Users/khalidhasantuhin/Library/Application Support/MiKTeX/texmfs/install/tex/latex/geometry/geometry.sty
Package: geometry 2020/01/02 v5.9 Page Geometry
 (/Users/khalidhasantuhin/Library/Application Support/MiKTeX/texmfs/install/tex/generic/iftex/ifvtex.sty
Package: ifvtex 2019/10/25 v1.7 ifvtex legacy package. Use iftex instead.
)
\Gm@cnth=\count317
\Gm@cntv=\count318
\c@Gm@tempcnt=\count319
\Gm@bindingoffset=\dimen182
\Gm@wd@mp=\dimen183
\Gm@odd@mp=\dimen184
\Gm@even@mp=\dimen185
\Gm@layoutwidth=\dimen186
\Gm@layoutheight=\dimen187
\Gm@layouthoffset=\dimen188
\Gm@layoutvoffset=\dimen189
\Gm@dimlist=\toks28
 (/Users/khalidhasantuhin/Library/Application Support/MiKTeX/texmfs/install/tex/latex/geometry/geometry.cfg)) (/Users/khalidhasantuhin/Library/Application Support/MiKTeX/texmfs/install/tex/latex/l3backend/l3backend-pdftex.def
File: l3backend-pdftex.def 2024-05-08 L3 backend support: PDF output (pdfTeX)
\l__color_backend_stack_int=\count320
\l__pdf_internal_box=\box108
) (report.aux

LaTeX Warning: Label `fig:image1' multiply defined.


LaTeX Warning: Label `fig:image2' multiply defined.

)
\openout1 = `report.aux'.

LaTeX Font Info:    Checking defaults for OML/cmm/m/it on input line 22.
LaTeX Font Info:    ... okay on input line 22.
LaTeX Font Info:    Checking defaults for OMS/cmsy/m/n on input line 22.
LaTeX Font Info:    ... okay on input line 22.
LaTeX Font Info:    Checking defaults for OT1/cmr/m/n on input line 22.
LaTeX Font Info:    ... okay on input line 22.
LaTeX Font Info:    Checking defaults for T1/cmr/m/n on input line 22.
LaTeX Font Info:    ... okay on input line 22.
LaTeX Font Info:    Checking defaults for TS1/cmr/m/n on input line 22.
LaTeX Font Info:    ... okay on input line 22.
LaTeX Font Info:    Checking defaults for OMX/cmex/m/n on input line 22.
LaTeX Font Info:    ... okay on input line 22.
LaTeX Font Info:    Checking defaults for U/cmr/m/n on input line 22.
LaTeX Font Info:    ... okay on input line 22.
LaTeX Font Info:    Checking defaults for PD1/pdf/m/n on input line 22.
LaTeX Font Info:    ... okay on input line 22.
LaTeX Font Info:    Checking defaults for PU/pdf/m/n on input line 22.
LaTeX Font Info:    ... okay on input line 22.
 (/Users/khalidhasantuhin/Library/Application Support/MiKTeX/texmfs/install/tex/context/base/mkii/supp-pdf.mkii
[Loading MPS to PDF converter (version 2006.09.02).]
\scratchcounter=\count321
\scratchdimen=\dimen190
\scratchbox=\box109
\nofMPsegments=\count322
\nofMParguments=\count323
\everyMPshowfont=\toks29
\MPscratchCnt=\count324
\MPscratchDim=\dimen191
\MPnumerator=\count325
\makeMPintoPDFobject=\count326
\everyMPtoPDFconversion=\toks30
) (/Users/khalidhasantuhin/Library/Application Support/MiKTeX/texmfs/install/tex/latex/epstopdf-pkg/epstopdf-base.sty
Package: epstopdf-base 2020-01-24 v2.11 Base part for package epstopdf
Package epstopdf-base Info: Redefining graphics rule for `.eps' on input line 485.
 (/Users/khalidhasantuhin/Library/Application Support/MiKTeX/texmfs/install/tex/latex/00miktex/epstopdf-sys.cfg
File: epstopdf-sys.cfg 2021/03/18 v2.0 Configuration of epstopdf for MiKTeX
))
Package hyperref Info: Link coloring OFF on input line 22.
 (report.out) (report.out)
\@outlinefile=\write3
\openout3 = `report.out'.

Package caption Info: Begin \AtBeginDocument code.
Package caption Info: float package is loaded.
Package caption Info: End \AtBeginDocument code.

*geometry* driver: auto-detecting
*geometry* detected driver: pdftex
*geometry* verbose mode - [ preamble ] result:
* driver: pdftex
* paper: a4paper
* layout: <same size as paper>
* layoutoffset:(h,v)=(0.0pt,0.0pt)
* modes: 
* h-part:(L,W,R)=(72.26999pt, 452.9679pt, 72.26999pt)
* v-part:(T,H,B)=(72.26999pt, 700.50687pt, 72.26999pt)
* \paperwidth=597.50787pt
* \paperheight=845.04684pt
* \textwidth=452.9679pt
* \textheight=700.50687pt
* \oddsidemargin=0.0pt
* \evensidemargin=0.0pt
* \topmargin=-37.0pt
* \headheight=12.0pt
* \headsep=25.0pt
* \topskip=10.0pt
* \footskip=30.0pt
* \marginparwidth=65.0pt
* \marginparsep=11.0pt
* \columnsep=10.0pt
* \skip\footins=9.0pt plus 4.0pt minus 2.0pt
* \hoffset=0.0pt
* \voffset=0.0pt
* \mag=1000
* \@twocolumnfalse
* \@twosidefalse
* \@mparswitchfalse
* \@reversemarginfalse
* (1in=72.27pt=25.4mm, 1cm=28.453pt)



[1

{/Users/khalidhasantuhin/Library/Application Support/MiKTeX/texmfs/data/fonts/map/pdftex/pdftex.map}]
Underfull \hbox (badness 10000) in paragraph at lines 46--55

 []


Underfull \hbox (badness 10000) in paragraph at lines 46--55

 []


Overfull \hbox (2.25522pt too wide) in paragraph at lines 46--55
\OT1/cmr/m/n/10 This adder circuit is designed to handle the complexities of floating-point addition, including the alignment
 []


Underfull \hbox (badness 10000) in paragraph at lines 46--55

 []


Underfull \hbox (badness 10000) in paragraph at lines 46--55

 []


Underfull \hbox (badness 10000) in paragraph at lines 57--59

 []

LaTeX Font Info:    Trying to load font information for U+msa on input line 62.
(/Users/khalidhasantuhin/Library/Application Support/MiKTeX/texmfs/install/tex/latex/amsfonts/umsa.fd
File: umsa.fd 2013/01/14 v3.01 AMS symbols A
)
LaTeX Font Info:    Trying to load font information for U+msb on input line 62.
 (/Users/khalidhasantuhin/Library/Application Support/MiKTeX/texmfs/install/tex/latex/amsfonts/umsb.fd
File: umsb.fd 2013/01/14 v3.01 AMS symbols B
)

[2]
<flowchart.jpg, id=97, 744.7825pt x 1055.945pt>
File: flowchart.jpg Graphic file (type jpg)
<use flowchart.jpg>
Package pdftex.def Info: flowchart.jpg  used on input line 75.
(pdftex.def)             Requested size: 317.07614pt x 449.55214pt.


[3 <./flowchart.jpg>]
<fpa.jpg, id=103, 829.0975pt x 1368.11125pt>
File: fpa.jpg Graphic file (type jpg)
<use fpa.jpg>
Package pdftex.def Info: fpa.jpg  used on input line 82.
(pdftex.def)             Requested size: 317.07614pt x 523.20691pt.


[4 <./fpa.jpg>]
Underfull \hbox (badness 10000) in paragraph at lines 91--96

 []


Underfull \hbox (badness 10000) in paragraph at lines 91--96

 []


Underfull \hbox (badness 10000) in paragraph at lines 97--101

 []


Underfull \hbox (badness 10000) in paragraph at lines 102--112

 []

<left_shifter.png, id=109, 865.2325pt x 281.05pt>
File: left_shifter.png Graphic file (type png)
<use left_shifter.png>
Package pdftex.def Info: left_shifter.png  used on input line 125.
(pdftex.def)             Requested size: 203.83417pt x 66.20972pt.
<right_shifter.png, id=110, 865.2325pt x 271.0125pt>
File: right_shifter.png Graphic file (type png)
<use right_shifter.png>
Package pdftex.def Info: right_shifter.png  used on input line 131.
(pdftex.def)             Requested size: 203.83417pt x 63.84508pt.
<adapter.png, id=111, 584.1825pt x 380.42125pt>
File: adapter.png Graphic file (type png)
<use adapter.png>
Package pdftex.def Info: adapter.png  used on input line 151.
(pdftex.def)             Requested size: 203.83417pt x 132.73729pt.
<wrapper.png, id=112, 601.24625pt x 281.05pt>
File: wrapper.png Graphic file (type png)
<use wrapper.png>
Package pdftex.def Info: wrapper.png  used on input line 157.
(pdftex.def)             Requested size: 203.83417pt x 95.28127pt.


[5 <./left_shifter.png (PNG copy)> <./right_shifter.png (PNG copy)>]
Underfull \hbox (badness 10000) in paragraph at lines 164--173

 []

<rearranger.png, id=119, 696.6025pt x 562.1pt>
File: rearranger.png Graphic file (type png)
<use rearranger.png>
Package pdftex.def Info: rearranger.png  used on input line 180.
(pdftex.def)             Requested size: 317.07614pt x 255.85025pt.

Underfull \hbox (badness 10000) in paragraph at lines 186--195

 []


Underfull \hbox (badness 10000) in paragraph at lines 186--195

 []



[6 <./adapter.png (PNG copy)> <./wrapper.png (PNG copy)> <./rearranger.png (PNG copy)>]
<16_4.png, id=126, 948.54375pt x 623.32875pt>
File: 16_4.png Graphic file (type png)
<use 16_4.png>
Package pdftex.def Info: 16_4.png  used on input line 206.
(pdftex.def)             Requested size: 317.07614pt x 208.36226pt.
<32_5.png, id=127, 899.36pt x 405.515pt>
File: 32_5.png Graphic file (type png)
<use 32_5.png>
Package pdftex.def Info: 32_5.png  used on input line 216.
(pdftex.def)             Requested size: 317.07614pt x 142.9657pt.


[7 <./16_4.png (PNG copy)> <./32_5.png (PNG copy)>]
<32high.png, id=136, 1099.10625pt x 893.3375pt>
File: 32high.png Graphic file (type png)
<use 32high.png>
Package pdftex.def Info: 32high.png  used on input line 228.
(pdftex.def)             Requested size: 317.07614pt x 257.71175pt.

Underfull \hbox (badness 10000) in paragraph at lines 233--242

 []


Underfull \hbox (badness 10000) in paragraph at lines 243--252

 []


Underfull \hbox (badness 10000) in paragraph at lines 253--262

 []


Underfull \hbox (badness 10000) in paragraph at lines 266--272

 []



[8 <./32high.png (PNG copy)>]
<normalizer.png, id=147, 898.35625pt x 959.585pt>
File: normalizer.png Graphic file (type png)
<use normalizer.png>
Package pdftex.def Info: normalizer.png  used on input line 278.
(pdftex.def)             Requested size: 317.07614pt x 338.6857pt.


[9 <./normalizer.png (PNG copy)>]
Underfull \hbox (badness 10000) in paragraph at lines 284--293

 []


Underfull \hbox (badness 10000) in paragraph at lines 294--297

 []


Underfull \hbox (badness 10000) in paragraph at lines 298--303

 []

<rounder.png, id=153, 628.3475pt x 566.115pt>
File: rounder.png Graphic file (type png)
<use rounder.png>
Package pdftex.def Info: rounder.png  used on input line 338.
(pdftex.def)             Requested size: 317.07614pt x 285.66554pt.


[10 <./rounder.png (PNG copy)>]
<full_circuit.png, id=160, 960.58875pt x 698.61pt>
File: full_circuit.png Graphic file (type png)
<use full_circuit.png>
Package pdftex.def Info: full_circuit.png  used on input line 347.
(pdftex.def)             Requested size: 362.37569pt x 263.5451pt.


[11 <./full_circuit.png (PNG copy)>]
Underfull \hbox (badness 10000) in paragraph at lines 387--390

 []


Underfull \hbox (badness 10000) in paragraph at lines 387--390

 []


Underfull \hbox (badness 10000) in paragraph at lines 391--394

 []



[12]
Overfull \hbox (8.07925pt too wide) in paragraph at lines 407--409
\OT1/cmr/m/n/10 enlightening experience. It deepened our understanding of the inner workings of FPAs and highlighted
 []



[13] (report.aux)
 ***********
LaTeX2e <2024-06-01> patch level 2
L3 programming layer <2024-08-16>
 ***********


LaTeX Warning: There were multiply-defined labels.

Package rerunfilecheck Info: File `report.out' has not changed.
(rerunfilecheck)             Checksum: A40014CDF1A8EA434E2D2DB6A999CBB4;3254.
 ) 
Here is how much of TeX's memory you used:
 13253 strings out of 475833
 214745 string characters out of 2775293
 1937957 words of memory out of 3000000
 35679 multiletter control sequences out of 15000+600000
 562067 words of font info for 52 fonts, out of 8000000 for 9000
 0 hyphenation exceptions out of 8191
 75i,9n,79p,743b,512s stack positions out of 5000i,500n,10000p,200000b,80000s
 </Users/khalidhasantuhin/Library/Application Support/MiKTeX/texmfs/data/fonts/pk/ljfour/jknappen/ec/dpi600/tcbx1000.pk> </Users/khalidhasantuhin/Library/Application Support/MiKTeX/texmfs/data/fonts/pk/ljfour/jknappen/ec/dpi600/tcrm1000.pk></Users/khalidhasantuhin/Library/Application Support/MiKTeX/texmfs/install/fonts/type1/public/amsfonts/cm/cmbx10.pfb></Users/khalidhasantuhin/Library/Application Support/MiKTeX/texmfs/install/fonts/type1/public/amsfonts/cm/cmbx12.pfb></Users/khalidhasantuhin/Library/Application Support/MiKTeX/texmfs/install/fonts/type1/public/amsfonts/cm/cmmi10.pfb></Users/khalidhasantuhin/Library/Application Support/MiKTeX/texmfs/install/fonts/type1/public/amsfonts/cm/cmmi7.pfb></Users/khalidhasantuhin/Library/Application Support/MiKTeX/texmfs/install/fonts/type1/public/amsfonts/cm/cmr10.pfb></Users/khalidhasantuhin/Library/Application Support/MiKTeX/texmfs/install/fonts/type1/public/amsfonts/cm/cmr12.pfb></Users/khalidhasantuhin/Library/Application Support/MiKTeX/texmfs/install/fonts/type1/public/amsfonts/cm/cmr7.pfb></Users/khalidhasantuhin/Library/Application Support/MiKTeX/texmfs/install/fonts/type1/public/amsfonts/cm/cmsy10.pfb></Users/khalidhasantuhin/Library/Application Support/MiKTeX/texmfs/install/fonts/type1/public/amsfonts/cm/cmsy7.pfb>
Output written on report.pdf (13 pages, 625013 bytes).
PDF statistics:
 236 PDF objects out of 1000 (max. 8388607)
 48 named destinations out of 1000 (max. 500000)
 226 words of extra memory for PDF output out of 10000 (max. 10000000)

